{"C:\\Users\\shuri\\Desktop\\config nodetype\\src\\math\\add.ts": {"path":"C:\\Users\\shuri\\Desktop\\config nodetype\\src\\math\\add.ts","statementMap":{"0":{"start":{"line":1,"column":12},"end":{"line":1,"column":36}},"1":{"start":{"line":1,"column":35},"end":{"line":1,"column":39}},"2":{"start":{"line":2,"column":0},"end":{"line":2,"column":null}}},"fnMap":{"0":{"name":"(anonymous_0)","decl":{"start":{"line":1,"column":12},"end":{"line":1,"column":13}},"loc":{"start":{"line":1,"column":30},"end":{"line":1,"column":36}}}},"branchMap":{},"s":{"0":2,"1":2,"2":2},"f":{"0":2},"b":{}}
}
